STEP to UG
! INFO-     NX STEP AP214 - V2212.8901
! INFO-      
! INFO-     Start of Translation: 8-JAN-2024  10:40:08 AM
! INFO-      
! STATUS-   Converting Part: C:\Users\daniel.aeschbacher\OST\BA 5-Achsen 3D-Drucker - Aeschbacher - General\30_CAX\31_Kostruktion\Voron\Voron_2.4r2_X5\STEP_Files\M2,5_Standard.step
! SUMMARY-   
! SUMMARY-    STEP Header Information
! SUMMARY-   
! SUMMARY-  Description      Unknown
! SUMMARY-  Imp_Level        2;1
! SUMMARY-  File_Name        C:/Users/Florian/Google Drive/1) Buisness/1) FBA/4. Alle Produkte/1. Produkte/ruthex_thread/CAD_inserts/ruthex-RX-2_5x5,7/V1/RX-M2.5x5.7.step
! SUMMARY-  Date             2020-12-12T14:27:20+01:00
! SUMMARY-  Author           Unknown
! SUMMARY-  Organization     Unknown
! SUMMARY-  Pre_Version      ST-DEVELOPER v18.1
! SUMMARY-  Orig_System      Autodesk Translation Framework v9.7.1.1290
! SUMMARY-  Authorization    Unknown
! SUMMARY-  Schema_ID        automotive_design
! SUMMARY-   
! SUMMARY-    Summary of STEP Entities
! SUMMARY-   
! SUMMARY-  Entity Type                                                   Count
! SUMMARY-  -----------                                                   ------
! SUMMARY-  advanced_face ..............................................:    337
! SUMMARY-  application_context ........................................:      1
! SUMMARY-  axis2_placement_3d .........................................:    239
! SUMMARY-  b_spline_curve_with_knots ..................................:    662
! SUMMARY-  b_spline_surface_with_knots ................................:    179
! SUMMARY-  cartesian_point ............................................:   9491
! SUMMARY-  circle .....................................................:     78
! SUMMARY-  closed_shell ...............................................:      1
! SUMMARY-  conical_surface ............................................:      3
! SUMMARY-  context_dependent_shape_representation .....................:      1
! SUMMARY-  cylindrical_surface ........................................:     60
! SUMMARY-  direction ..................................................:    826
! SUMMARY-  edge_curve .................................................:   1088
! SUMMARY-  edge_loop ..................................................:    353
! SUMMARY-  face_bound .................................................:     16
! SUMMARY-  face_outer_bound ...........................................:    337
! SUMMARY-  geometric_representation_context_and_global_uncertainty_a ..:      3
! SUMMARY-  item_defined_transformation ................................:      1
! SUMMARY-  length_unit_and_si_unit ....................................:      1
! SUMMARY-  line .......................................................:    348
! SUMMARY-  manifold_solid_brep ........................................:      1
! SUMMARY-  next_assembly_usage_occurrence .............................:      1
! SUMMARY-  oriented_edge ..............................................:   2176
! SUMMARY-  plane ......................................................:     95
! SUMMARY-  plane_angle_unit_and_si_unit ...............................:      1
! SUMMARY-  product ....................................................:      2
! SUMMARY-  product_context ............................................:      1
! SUMMARY-  product_definition .........................................:      2
! SUMMARY-  product_definition_context .................................:      1
! SUMMARY-  product_definition_formation ...............................:      2
! SUMMARY-  product_definition_shape ...................................:      3
! SUMMARY-  product_related_product_category ...........................:      2
! SUMMARY-  representation_relationship_with_transformation_and_shape ..:      1
! SUMMARY-  shape_representation .......................................:      2
! SUMMARY-  si_unit_and_solid_angle_unit ...............................:      1
! SUMMARY-  uncertainty_measure_with_unit ..............................:      3
! SUMMARY-  vector .....................................................:    348
! SUMMARY-  vertex_point ...............................................:    767
! SUMMARY-                                                               -------
! SUMMARY-  Total                                                          17434
! STATUS-    
! STATUS-   Converting to Output Form (Phase 2 of 3): 8-JAN-2024 10:40:08 AM
! STATUS-    
! STATUS-    
! STATUS-   Generating UG geometry and placing them in parts
! STATUS-    
! STATUS-   Creating the UG part (Phase 3 of 3): 8-JAN-2024  10:40:12 AM
! INFO-     Filing Part ..: C:\Users\daniel.aeschbacher\OST\BA 5-Achsen 3D-Drucker - Aeschbacher - General\30_CAX\31_Kostruktion\Voron\Voron_2.4r2_X5\NX-Files\Modifications\ruthex RX-M2.5-5.7
! SUMMARY-   
! SUMMARY-  Summary of Unigraphics Part Entities
! SUMMARY-   
! SUMMARY-  Entities Processed             Count
! SUMMARY-  ------------------             -----
! SUMMARY-  Solid .......................:     1
! SUMMARY-                                 -----
! SUMMARY-  Total                              1
! STATUS-   Creating the UG part (Phase 3 of 3): 8-JAN-2024  10:40:16 AM
! INFO-     Filing Part ..: C:\Users\daniel.aeschbacher\OST\BA 5-Achsen 3D-Drucker - Aeschbacher - General\30_CAX\31_Kostruktion\Voron\Voron_2.4r2_X5\NX-Files\Modifications\M2,5_Standard.prt
! SUMMARY-   
! SUMMARY-  Summary of Unigraphics Part Entities
! SUMMARY-   
! SUMMARY-  Entities Processed             Count
! SUMMARY-  ------------------             -----
! SUMMARY-  Component ...................:     1
! SUMMARY-                                 -----
! SUMMARY-  Total                              1
! INFO-      
! INFO-     Total number of solids input for this translation       :         1
! INFO-      
! INFO-     Number of solids created without body validation faults :         1
! INFO-      
! INFO-     Number of solids created with body validation fault(s)  :         0
! INFO-      
! INFO-     Number of solids ending up as sheet bodies              :         0
! INFO-      
! INFO-     End of Translation: 8-JAN-2024  10:40:16 AM
! INFO-      
STEP to UG
! INFO-     NX STEP AP214 - V2212.8901
! INFO-      
! INFO-     Start of Translation: 8-JAN-2024  10:41:27 AM
! INFO-      
! STATUS-   Converting Part: C:\Users\daniel.aeschbacher\OST\BA 5-Achsen 3D-Drucker - Aeschbacher - General\30_CAX\31_Kostruktion\Voron\Voron_2.4r2_X5\STEP_Files\M2,5_Standard.step
! SUMMARY-   
! SUMMARY-    STEP Header Information
! SUMMARY-   
! SUMMARY-  Description      Unknown
! SUMMARY-  Imp_Level        2;1
! SUMMARY-  File_Name        C:/Users/Florian/Google Drive/1) Buisness/1) FBA/4. Alle Produkte/1. Produkte/ruthex_thread/CAD_inserts/ruthex-RX-2_5x5,7/V1/RX-M2.5x5.7.step
! SUMMARY-  Date             2020-12-12T14:27:20+01:00
! SUMMARY-  Author           Unknown
! SUMMARY-  Organization     Unknown
! SUMMARY-  Pre_Version      ST-DEVELOPER v18.1
! SUMMARY-  Orig_System      Autodesk Translation Framework v9.7.1.1290
! SUMMARY-  Authorization    Unknown
! SUMMARY-  Schema_ID        automotive_design
! SUMMARY-   
! SUMMARY-    Summary of STEP Entities
! SUMMARY-   
! SUMMARY-  Entity Type                                                   Count
! SUMMARY-  -----------                                                   ------
! SUMMARY-  advanced_face ..............................................:    337
! SUMMARY-  application_context ........................................:      1
! SUMMARY-  axis2_placement_3d .........................................:    239
! SUMMARY-  b_spline_curve_with_knots ..................................:    662
! SUMMARY-  b_spline_surface_with_knots ................................:    179
! SUMMARY-  cartesian_point ............................................:   9491
! SUMMARY-  circle .....................................................:     78
! SUMMARY-  closed_shell ...............................................:      1
! SUMMARY-  conical_surface ............................................:      3
! SUMMARY-  context_dependent_shape_representation .....................:      1
! SUMMARY-  cylindrical_surface ........................................:     60
! SUMMARY-  direction ..................................................:    826
! SUMMARY-  edge_curve .................................................:   1088
! SUMMARY-  edge_loop ..................................................:    353
! SUMMARY-  face_bound .................................................:     16
! SUMMARY-  face_outer_bound ...........................................:    337
! SUMMARY-  geometric_representation_context_and_global_uncertainty_a ..:      3
! SUMMARY-  item_defined_transformation ................................:      1
! SUMMARY-  length_unit_and_si_unit ....................................:      1
! SUMMARY-  line .......................................................:    348
! SUMMARY-  manifold_solid_brep ........................................:      1
! SUMMARY-  next_assembly_usage_occurrence .............................:      1
! SUMMARY-  oriented_edge ..............................................:   2176
! SUMMARY-  plane ......................................................:     95
! SUMMARY-  plane_angle_unit_and_si_unit ...............................:      1
! SUMMARY-  product ....................................................:      2
! SUMMARY-  product_context ............................................:      1
! SUMMARY-  product_definition .........................................:      2
! SUMMARY-  product_definition_context .................................:      1
! SUMMARY-  product_definition_formation ...............................:      2
! SUMMARY-  product_definition_shape ...................................:      3
! SUMMARY-  product_related_product_category ...........................:      2
! SUMMARY-  representation_relationship_with_transformation_and_shape ..:      1
! SUMMARY-  shape_representation .......................................:      2
! SUMMARY-  si_unit_and_solid_angle_unit ...............................:      1
! SUMMARY-  uncertainty_measure_with_unit ..............................:      3
! SUMMARY-  vector .....................................................:    348
! SUMMARY-  vertex_point ...............................................:    767
! SUMMARY-                                                               -------
! SUMMARY-  Total                                                          17434
! STATUS-    
! STATUS-   Converting to Output Form (Phase 2 of 3): 8-JAN-2024 10:41:27 AM
! STATUS-    
! STATUS-    
! STATUS-   Generating UG geometry and placing them in parts
! STATUS-    
! STATUS-   Creating the UG part (Phase 3 of 3): 8-JAN-2024  10:41:30 AM
! INFO-     Filing Part ..: C:\Users\daniel.aeschbacher\OST\BA 5-Achsen 3D-Drucker - Aeschbacher - General\30_CAX\31_Kostruktion\Voron\Voron_2.4r2_X5\NX-Files\Modifications\ruthex RX-M2.5-5.717451
! SUMMARY-   
! SUMMARY-  Summary of Unigraphics Part Entities
! SUMMARY-   
! SUMMARY-  Entities Processed             Count
! SUMMARY-  ------------------             -----
! SUMMARY-  Solid .......................:     1
! SUMMARY-                                 -----
! SUMMARY-  Total                              1
! STATUS-   Creating the UG part (Phase 3 of 3): 8-JAN-2024  10:41:30 AM
! INFO-     Filing Part ..: C:\Users\daniel.aeschbacher\OST\BA 5-Achsen 3D-Drucker - Aeschbacher - General\30_CAX\31_Kostruktion\Voron\Voron_2.4r2_X5\NX-Files\Modifications\M2,5_Standard.prt
! SUMMARY-   
! SUMMARY-  Summary of Unigraphics Part Entities
! SUMMARY-   
! SUMMARY-  Entities Processed             Count
! SUMMARY-  ------------------             -----
! SUMMARY-  Group .......................:     1
! SUMMARY-                                 -----
! SUMMARY-  Total                              1
! INFO-      
! INFO-     Total number of solids input for this translation       :         1
! INFO-      
! INFO-     Number of solids created without body validation faults :         1
! INFO-      
! INFO-     Number of solids created with body validation fault(s)  :         0
! INFO-      
! INFO-     Number of solids ending up as sheet bodies              :         0
! INFO-      
! INFO-     End of Translation: 8-JAN-2024  10:41:32 AM
! INFO-      
